<?xml version="1.0" encoding="UTF-8"?>
<testsuite xmlns:xsi="http://www.w3.org/2001/XMLSchema-instance" xsi:noNamespaceSchemaLocation="https://maven.apache.org/surefire/maven-surefire-plugin/xsd/surefire-test-report-3.0.xsd" version="3.0" name="TestSuite" time="397.688" tests="5" errors="0" skipped="0" failures="1">
  <properties>
[...]
</properties>
  <testcase name="GmailTest" classname="com.epam.GoogleMailTestSuite" time="152.553">
    <failure message="stale element reference: element is not attached to the page document&#10;  (Session info: chrome=74.0.3729.157)&#10;  (Driver info: chromedriver=2.42.591088 (7b2b2dca23cca0862f674758c9a3933e685c27d5),platform=Windows NT 10.0.17134 x86_64) (WARNING: The server did not provide any stacktrace information)&#10;Command duration or timeout: 0 milliseconds&#10;For documentation on this error, please visit: http://seleniumhq.org/exceptions/stale_element_reference.html&#10;Build info: version: &apos;3.8.1&apos;, revision: &apos;6e95a6684b&apos;, time: &apos;2017-12-01T18:33:54.468Z&apos;&#10;System info: host: &apos;BOGDAN-PC&apos;, ip: &apos;192.168.0.101&apos;, os.name: &apos;Windows 10&apos;, os.arch: &apos;amd64&apos;, os.version: &apos;10.0&apos;, java.version: &apos;1.8.0_121&apos;&#10;Driver info: org.openqa.selenium.chrome.ChromeDriver&#10;Capabilities {acceptInsecureCerts: false, acceptSslCerts: false, applicationCacheEnabled: false, browserConnectionEnabled: false, browserName: chrome, chrome: {chromedriverVersion: 2.42.591088 (7b2b2dca23cca0..., userDataDir: C:\Users\Bogdan\AppData\Loc...}, cssSelectorsEnabled: true, databaseEnabled: false, goog:chromeOptions: {debuggerAddress: localhost:52765}, handlesAlerts: true, hasTouchScreen: false, javascriptEnabled: true, locationContextEnabled: true, mobileEmulationEnabled: false, nativeEvents: true, networkConnectionEnabled: false, pageLoadStrategy: normal, platform: XP, platformName: XP, rotatable: false, setWindowRect: true, takesHeapSnapshot: true, takesScreenshot: true, unexpectedAlertBehaviour: , unhandledPromptBehavior: , version: 74.0.3729.157, webStorageEnabled: true}&#10;Session ID: c734d6eaa2dafaf1f26cbbc6d851234e" type="org.openqa.selenium.StaleElementReferenceException">org.openqa.selenium.StaleElementReferenceException: 
stale element reference: element is not attached to the page document
  (Session info: chrome=74.0.3729.157)
  (Driver info: chromedriver=2.42.591088 (7b2b2dca23cca0862f674758c9a3933e685c27d5),platform=Windows NT 10.0.17134 x86_64) (WARNING: The server did not provide any stacktrace information)
Command duration or timeout: 0 milliseconds
For documentation on this error, please visit: http://seleniumhq.org/exceptions/stale_element_reference.html
Build info: version: '3.8.1', revision: '6e95a6684b', time: '2017-12-01T18:33:54.468Z'
System info: host: 'BOGDAN-PC', ip: '192.168.0.101', os.name: 'Windows 10', os.arch: 'amd64', os.version: '10.0', java.version: '1.8.0_121'
Driver info: org.openqa.selenium.chrome.ChromeDriver
Capabilities {acceptInsecureCerts: false, acceptSslCerts: false, applicationCacheEnabled: false, browserConnectionEnabled: false, browserName: chrome, chrome: {chromedriverVersion: 2.42.591088 (7b2b2dca23cca0..., userDataDir: C:\Users\Bogdan\AppData\Loc...}, cssSelectorsEnabled: true, databaseEnabled: false, goog:chromeOptions: {debuggerAddress: localhost:52765}, handlesAlerts: true, hasTouchScreen: false, javascriptEnabled: true, locationContextEnabled: true, mobileEmulationEnabled: false, nativeEvents: true, networkConnectionEnabled: false, pageLoadStrategy: normal, platform: XP, platformName: XP, rotatable: false, setWindowRect: true, takesHeapSnapshot: true, takesScreenshot: true, unexpectedAlertBehaviour: , unhandledPromptBehavior: , version: 74.0.3729.157, webStorageEnabled: true}
Session ID: c734d6eaa2dafaf1f26cbbc6d851234e
	at com.epam.GoogleMailTestSuite.GmailTest(GoogleMailTestSuite.java:55)
</failure>
    <system-out><![CDATA[...
... TestNG 7.0.0-beta3 by C?dric Beust (cedric@beust.com)
...

]]></system-out>
    <system-err><![CDATA[125 [TestNG-PoolService-1] INFO com.epam.BO.LoginBO - Driver initialization.
125 [TestNG-PoolService-0] INFO com.epam.BO.LoginBO - Driver initialization.
125 [TestNG-PoolService-2] INFO com.epam.BO.LoginBO - Driver initialization.
SSttaarrttiinngg  CChhrroommeeDDrriivveerr  22..4422..5599110088 (7b2b2dca23cca0862f674758c9a3933e685c27d5) on port 15068
Only local connec8t8i o(n7sb 2abr2ed caal2l3ocwcead0.86
2f674758c9a3933e685c27d5) on port 35130
Only local connections are allowed.
Starting ChromeDriver 2.42.591088 (7b2b2dca23cca0862f674758c9a3933e685c27d5) on port 36891
Only local connections are allowed.
[1558400275.361][WARNING]: Timed out connecting to Chrome, retrying...
[1558400276.025][WARNING]: Timed out connecting to Chrome, retrying...
[1558400278.950][WARNING]: Timed out connecting to Chrome, retrying...
[1558400279.460][WARNING]: Timed out connecting to Chrome, retrying...
[1558400280.033][WARNING]: Timed out connecting to Chrome, retrying...
[1558400282.952][WARNING]: Timed out connecting to Chrome, retrying...
трав. 21, 2019 3:58:08 AM org.openqa.selenium.remote.ProtocolHandshake createSession
INFO: Detected dialect: OSS
трав. 21, 2019 3:58:08 AM org.openqa.selenium.remote.ProtocolHandshake createSession
INFO: Detected dialect: OSS
трав. 21, 2019 3:58:08 AM org.openqa.selenium.remote.ProtocolHandshake createSession
INFO: Detected dialect: OSS
28124 [TestNG-PoolService-1] INFO com.epam.GoogleMailTestSuite - START TESTING
28124 [TestNG-PoolService-2] INFO com.epam.GoogleMailTestSuite - START TESTING
28239 [TestNG-PoolService-0] INFO com.epam.GoogleMailTestSuite - START TESTING
58290 [TestNG-PoolService-0] INFO com.epam.BO.LoginBO - Login to account.
58570 [TestNG-PoolService-1] INFO com.epam.BO.LoginBO - Login to account.
58962 [TestNG-PoolService-2] INFO com.epam.BO.LoginBO - Login to account.
102231 [TestNG-PoolService-2] INFO com.epam.BO.SendMessageBO - Open message widget.
108988 [TestNG-PoolService-2] INFO com.epam.BO.SendMessageBO - Fill message.
120208 [TestNG-PoolService-1] INFO com.epam.BO.SendMessageBO - Open message widget.
120490 [TestNG-PoolService-1] INFO com.epam.BO.SendMessageBO - Fill message.
122305 [TestNG-PoolService-0] INFO com.epam.BO.SendMessageBO - Open message widget.
122690 [TestNG-PoolService-0] INFO com.epam.BO.SendMessageBO - Fill message.
162663 [TestNG-PoolService-0] INFO com.epam.BO.SendMessageBO - Sent message.
163092 [TestNG-PoolService-1] INFO com.epam.BO.SendMessageBO - Sent message.
163309 [TestNG-PoolService-2] INFO com.epam.BO.SendMessageBO - Sent message.
167990 [TestNG-PoolService-1] INFO com.epam.BO.SendMessageBO - Fix mail adrress.
167997 [TestNG-PoolService-2] INFO com.epam.BO.SendMessageBO - Fix mail adrress.
168529 [TestNG-PoolService-0] INFO com.epam.BO.SendMessageBO - Fix mail adrress.
175066 [TestNG-PoolService-1] INFO com.epam.BO.CheckMessageBO - Check if message sent.
175100 [TestNG-PoolService-0] INFO com.epam.BO.CheckMessageBO - Check if message sent.
177757 [TestNG-PoolService-1] INFO com.epam.BO.CheckMessageBO - Open 'Sent' folder.
177877 [TestNG-PoolService-0] INFO com.epam.BO.CheckMessageBO - Open 'Sent' folder.
]]></system-err>
  </testcase>
  <testcase name="GmailTest" classname="com.epam.GoogleMailTestSuite" time="158.118"/>
  <testcase name="GmailTest" classname="com.epam.GoogleMailTestSuite" time="161.162"/>
  <testcase name="GmailTest" classname="com.epam.GoogleMailTestSuite" time="130.537"/>
  <testcase name="GmailTest" classname="com.epam.GoogleMailTestSuite" time="130.558"/>
</testsuite>