<?xml version="1.0" encoding="UTF-8"?>
<testng-results skipped="0" failed="1" ignored="0" total="5" passed="4">
  <reporter-output>
  </reporter-output>
  <suite name="GoogleMailTestSuite" duration-ms="363346" started-at="2019-05-21T03:57:43 EEST" finished-at="2019-05-21T04:03:46 EEST">
    <groups>
    </groups>
    <test name="GmailTest" duration-ms="363346" started-at="2019-05-21T03:57:43 EEST" finished-at="2019-05-21T04:03:46 EEST">
      <class name="com.epam.GoogleMailTestSuite">
        <test-method status="PASS" signature="init()[pri:0, instance:com.epam.GoogleMailTestSuite@6b09bb57]" name="init" is-config="true" duration-ms="28015" started-at="2019-05-21T03:57:43 EEST" finished-at="2019-05-21T03:58:11 EEST">
          <reporter-output>
          </reporter-output>
        </test-method> <!-- init -->
        <test-method status="PASS" signature="init()[pri:0, instance:com.epam.GoogleMailTestSuite@6b09bb57]" name="init" is-config="true" duration-ms="28145" started-at="2019-05-21T03:57:43 EEST" finished-at="2019-05-21T03:58:11 EEST">
          <reporter-output>
          </reporter-output>
        </test-method> <!-- init -->
        <test-method status="PASS" signature="init()[pri:0, instance:com.epam.GoogleMailTestSuite@6b09bb57]" name="init" is-config="true" duration-ms="28015" started-at="2019-05-21T03:57:43 EEST" finished-at="2019-05-21T03:58:11 EEST">
          <reporter-output>
          </reporter-output>
        </test-method> <!-- init -->
        <test-method status="PASS" signature="GmailTest(com.epam.model.UserModel)[pri:0, instance:com.epam.GoogleMailTestSuite@6b09bb57]" name="GmailTest" duration-ms="158323" started-at="2019-05-21T03:58:11 EEST" data-provider="loginData" finished-at="2019-05-21T04:00:49 EEST">
          <params>
            <param index="0">
              <value>
                <![CDATA[com.epam.model.UserModel@5ecabfad]]>
              </value>
            </param>
          </params>
          <reporter-output>
          </reporter-output>
        </test-method> <!-- GmailTest -->
        <test-method status="FAIL" signature="GmailTest(com.epam.model.UserModel)[pri:0, instance:com.epam.GoogleMailTestSuite@6b09bb57]" name="GmailTest" duration-ms="152426" started-at="2019-05-21T03:58:11 EEST" data-provider="loginData" finished-at="2019-05-21T04:00:43 EEST">
          <params>
            <param index="0">
              <value>
                <![CDATA[com.epam.model.UserModel@28189cf7]]>
              </value>
            </param>
          </params>
          <exception class="org.openqa.selenium.StaleElementReferenceException">
            <message>
              <![CDATA[stale element reference: element is not attached to the page document
  (Session info: chrome=74.0.3729.157)
  (Driver info: chromedriver=2.42.591088 (7b2b2dca23cca0862f674758c9a3933e685c27d5),platform=Windows NT 10.0.17134 x86_64) (WARNING: The server did not provide any stacktrace information)
Command duration or timeout: 0 milliseconds
For documentation on this error, please visit: http://seleniumhq.org/exceptions/stale_element_reference.html
Build info: version: '3.8.1', revision: '6e95a6684b', time: '2017-12-01T18:33:54.468Z'
System info: host: 'BOGDAN-PC', ip: '192.168.0.101', os.name: 'Windows 10', os.arch: 'amd64', os.version: '10.0', java.version: '1.8.0_121'
Driver info: org.openqa.selenium.chrome.ChromeDriver
Capabilities {acceptInsecureCerts: false, acceptSslCerts: false, applicationCacheEnabled: false, browserConnectionEnabled: false, browserName: chrome, chrome: {chromedriverVersion: 2.42.591088 (7b2b2dca23cca0..., userDataDir: C:\Users\Bogdan\AppData\Loc...}, cssSelectorsEnabled: true, databaseEnabled: false, goog:chromeOptions: {debuggerAddress: localhost:52765}, handlesAlerts: true, hasTouchScreen: false, javascriptEnabled: true, locationContextEnabled: true, mobileEmulationEnabled: false, nativeEvents: true, networkConnectionEnabled: false, pageLoadStrategy: normal, platform: XP, platformName: XP, rotatable: false, setWindowRect: true, takesHeapSnapshot: true, takesScreenshot: true, unexpectedAlertBehaviour: , unhandledPromptBehavior: , version: 74.0.3729.157, webStorageEnabled: true}
Session ID: c734d6eaa2dafaf1f26cbbc6d851234e]]>
            </message>
            <full-stacktrace>
              <![CDATA[org.openqa.selenium.StaleElementReferenceException: stale element reference: element is not attached to the page document
  (Session info: chrome=74.0.3729.157)
  (Driver info: chromedriver=2.42.591088 (7b2b2dca23cca0862f674758c9a3933e685c27d5),platform=Windows NT 10.0.17134 x86_64) (WARNING: The server did not provide any stacktrace information)
Command duration or timeout: 0 milliseconds
For documentation on this error, please visit: http://seleniumhq.org/exceptions/stale_element_reference.html
Build info: version: '3.8.1', revision: '6e95a6684b', time: '2017-12-01T18:33:54.468Z'
System info: host: 'BOGDAN-PC', ip: '192.168.0.101', os.name: 'Windows 10', os.arch: 'amd64', os.version: '10.0', java.version: '1.8.0_121'
Driver info: org.openqa.selenium.chrome.ChromeDriver
Capabilities {acceptInsecureCerts: false, acceptSslCerts: false, applicationCacheEnabled: false, browserConnectionEnabled: false, browserName: chrome, chrome: {chromedriverVersion: 2.42.591088 (7b2b2dca23cca0..., userDataDir: C:\Users\Bogdan\AppData\Loc...}, cssSelectorsEnabled: true, databaseEnabled: false, goog:chromeOptions: {debuggerAddress: localhost:52765}, handlesAlerts: true, hasTouchScreen: false, javascriptEnabled: true, locationContextEnabled: true, mobileEmulationEnabled: false, nativeEvents: true, networkConnectionEnabled: false, pageLoadStrategy: normal, platform: XP, platformName: XP, rotatable: false, setWindowRect: true, takesHeapSnapshot: true, takesScreenshot: true, unexpectedAlertBehaviour: , unhandledPromptBehavior: , version: 74.0.3729.157, webStorageEnabled: true}
Session ID: c734d6eaa2dafaf1f26cbbc6d851234e
at sun.reflect.NativeConstructorAccessorImpl.newInstance0(Native Method)
at sun.reflect.NativeConstructorAccessorImpl.newInstance(NativeConstructorAccessorImpl.java:62)
at sun.reflect.DelegatingConstructorAccessorImpl.newInstance(DelegatingConstructorAccessorImpl.java:45)
at java.lang.reflect.Constructor.newInstance(Constructor.java:423)
at org.openqa.selenium.remote.ErrorHandler.createThrowable(ErrorHandler.java:214)
at org.openqa.selenium.remote.ErrorHandler.throwIfResponseFailed(ErrorHandler.java:166)
at org.openqa.selenium.remote.http.JsonHttpResponseCodec.reconstructValue(JsonHttpResponseCodec.java:40)
at org.openqa.selenium.remote.http.AbstractHttpResponseCodec.decode(AbstractHttpResponseCodec.java:80)
at org.openqa.selenium.remote.http.AbstractHttpResponseCodec.decode(AbstractHttpResponseCodec.java:44)
at org.openqa.selenium.remote.HttpCommandExecutor.execute(HttpCommandExecutor.java:164)
at org.openqa.selenium.remote.service.DriverCommandExecutor.execute(DriverCommandExecutor.java:83)
at org.openqa.selenium.remote.RemoteWebDriver.execute(RemoteWebDriver.java:601)
at org.openqa.selenium.remote.RemoteWebElement.execute(RemoteWebElement.java:279)
at org.openqa.selenium.remote.RemoteWebElement.click(RemoteWebElement.java:83)
at sun.reflect.GeneratedMethodAccessor3.invoke(Unknown Source)
at sun.reflect.DelegatingMethodAccessorImpl.invoke(DelegatingMethodAccessorImpl.java:43)
at java.lang.reflect.Method.invoke(Method.java:498)
at org.openqa.selenium.support.pagefactory.internal.LocatingElementHandler.invoke(LocatingElementHandler.java:51)
at com.sun.proxy.$Proxy8.click(Unknown Source)
at com.epam.PO.GmailHomePO.openSentMailsPage(GmailHomePO.java:41)
at com.epam.BO.CheckMessageBO.checkIfMailInSentFolder(CheckMessageBO.java:33)
at com.epam.GoogleMailTestSuite.GmailTest(GoogleMailTestSuite.java:55)
at sun.reflect.NativeMethodAccessorImpl.invoke0(Native Method)
at sun.reflect.NativeMethodAccessorImpl.invoke(NativeMethodAccessorImpl.java:62)
at sun.reflect.DelegatingMethodAccessorImpl.invoke(DelegatingMethodAccessorImpl.java:43)
at java.lang.reflect.Method.invoke(Method.java:498)
at org.testng.internal.MethodInvocationHelper.invokeMethod(MethodInvocationHelper.java:131)
at org.testng.internal.TestInvoker.invokeMethod(TestInvoker.java:570)
at org.testng.internal.TestInvoker.invokeTestMethod(TestInvoker.java:170)
at org.testng.internal.TestMethodWithDataProviderMethodWorker.call(TestMethodWithDataProviderMethodWorker.java:77)
at org.testng.internal.TestMethodWithDataProviderMethodWorker.call(TestMethodWithDataProviderMethodWorker.java:15)
at java.util.concurrent.FutureTask.run(FutureTask.java:266)
at java.util.concurrent.Executors$RunnableAdapter.call(Executors.java:511)
at java.util.concurrent.FutureTask.run(FutureTask.java:266)
at java.util.concurrent.ThreadPoolExecutor.runWorker(ThreadPoolExecutor.java:1142)
at java.util.concurrent.ThreadPoolExecutor$Worker.run(ThreadPoolExecutor.java:617)
at java.lang.Thread.run(Thread.java:745)
]]>
            </full-stacktrace>
          </exception> <!-- org.openqa.selenium.StaleElementReferenceException -->
          <reporter-output>
          </reporter-output>
        </test-method> <!-- GmailTest -->
        <test-method status="PASS" signature="GmailTest(com.epam.model.UserModel)[pri:0, instance:com.epam.GoogleMailTestSuite@6b09bb57]" name="GmailTest" duration-ms="161235" started-at="2019-05-21T03:58:11 EEST" data-provider="loginData" finished-at="2019-05-21T04:00:52 EEST">
          <params>
            <param index="0">
              <value>
                <![CDATA[com.epam.model.UserModel@1dbdd848]]>
              </value>
            </param>
          </params>
          <reporter-output>
          </reporter-output>
        </test-method> <!-- GmailTest -->
        <test-method status="PASS" signature="deinit()[pri:0, instance:com.epam.GoogleMailTestSuite@6b09bb57]" name="deinit" is-config="true" duration-ms="0" started-at="2019-05-21T04:00:43 EEST" finished-at="2019-05-21T04:00:43 EEST">
          <reporter-output>
          </reporter-output>
        </test-method> <!-- deinit -->
        <test-method status="PASS" signature="init()[pri:0, instance:com.epam.GoogleMailTestSuite@6b09bb57]" name="init" is-config="true" duration-ms="50480" started-at="2019-05-21T04:00:43 EEST" finished-at="2019-05-21T04:01:34 EEST">
          <reporter-output>
          </reporter-output>
        </test-method> <!-- init -->
        <test-method status="PASS" signature="deinit()[pri:0, instance:com.epam.GoogleMailTestSuite@6b09bb57]" name="deinit" is-config="true" duration-ms="1" started-at="2019-05-21T04:00:49 EEST" finished-at="2019-05-21T04:00:49 EEST">
          <reporter-output>
          </reporter-output>
        </test-method> <!-- deinit -->
        <test-method status="PASS" signature="init()[pri:0, instance:com.epam.GoogleMailTestSuite@6b09bb57]" name="init" is-config="true" duration-ms="45481" started-at="2019-05-21T04:00:49 EEST" finished-at="2019-05-21T04:01:34 EEST">
          <reporter-output>
          </reporter-output>
        </test-method> <!-- init -->
        <test-method status="PASS" signature="deinit()[pri:0, instance:com.epam.GoogleMailTestSuite@6b09bb57]" name="deinit" is-config="true" duration-ms="0" started-at="2019-05-21T04:00:52 EEST" finished-at="2019-05-21T04:00:52 EEST">
          <reporter-output>
          </reporter-output>
        </test-method> <!-- deinit -->
        <test-method status="PASS" signature="GmailTest(com.epam.model.UserModel)[pri:0, instance:com.epam.GoogleMailTestSuite@6b09bb57]" name="GmailTest" duration-ms="131119" started-at="2019-05-21T04:01:34 EEST" data-provider="loginData" finished-at="2019-05-21T04:03:45 EEST">
          <params>
            <param index="0">
              <value>
                <![CDATA[com.epam.model.UserModel@5ce57cb7]]>
              </value>
            </param>
          </params>
          <reporter-output>
          </reporter-output>
        </test-method> <!-- GmailTest -->
        <test-method status="PASS" signature="GmailTest(com.epam.model.UserModel)[pri:0, instance:com.epam.GoogleMailTestSuite@6b09bb57]" name="GmailTest" duration-ms="130395" started-at="2019-05-21T04:01:34 EEST" data-provider="loginData" finished-at="2019-05-21T04:03:45 EEST">
          <params>
            <param index="0">
              <value>
                <![CDATA[com.epam.model.UserModel@1413f46f]]>
              </value>
            </param>
          </params>
          <reporter-output>
          </reporter-output>
        </test-method> <!-- GmailTest -->
        <test-method status="PASS" signature="deinit()[pri:0, instance:com.epam.GoogleMailTestSuite@6b09bb57]" name="deinit" is-config="true" duration-ms="0" started-at="2019-05-21T04:03:45 EEST" finished-at="2019-05-21T04:03:45 EEST">
          <reporter-output>
          </reporter-output>
        </test-method> <!-- deinit -->
        <test-method status="PASS" signature="deinit()[pri:0, instance:com.epam.GoogleMailTestSuite@6b09bb57]" name="deinit" is-config="true" duration-ms="0" started-at="2019-05-21T04:03:45 EEST" finished-at="2019-05-21T04:03:45 EEST">
          <reporter-output>
          </reporter-output>
        </test-method> <!-- deinit -->
      </class> <!-- com.epam.GoogleMailTestSuite -->
    </test> <!-- GmailTest -->
  </suite> <!-- GoogleMailTestSuite -->
</testng-results>
